
	--------------------------------------------------------
	>>  AFB, FL @ reco level ( updated on 20-03-2016 )  <<
	--------------------------------------------------------

        afb[5]  = { -0.1128, 0.1878, 0.3650, 0.4085, 0.3644 } ;
   afberrHi[5]  = {  0.0034, 0.0022, 0.0015, 0.0017, 0.0018 } ;
   afberrLo[5]  = {  0.0033, 0.0022, 0.0015, 0.0017, 0.0019 } ;

        fl[5]   = { 0.7695, 0.6483, 0.4656, 0.3843, 0.3476 } ;
   flerrHi[5]   = { 0.0031, 0.0023, 0.0022, 0.0025, 0.0021 } ;
   flerrLo[5]   = { 0.0031, 0.0023, 0.0023, 0.0025, 0.0021 } ;




   	-------------------------------------------------------------------------	
	>>  AFB, FL @ reco level ( for calc. of syst. uncer. due to q2 reso )  << 
	-------------------------------------------------------------------------

	afb[5]  = { -0.1115, 0.1888, 0.3654, 0.4064, 0.3612 } ;
   afberrHi[5]  = {  0.0034, 0.0021, 0.0015, 0.0017, 0.0018 } ;
   afberrLo[5]  = {  0.0033, 0.0022, 0.0015, 0.0017, 0.0019 } ;

        fl[5]   = { 0.7682, 0.6477, 0.4649, 0.3863, 0.3518 } ;
   flerrHi[5]   = { 0.0031, 0.0023, 0.0022, 0.0025, 0.0021 } ;
   flerrLo[5]   = { 0.0031, 0.0023, 0.0022, 0.0025, 0.0021 } ;



   	----------------------------------------
   	>>  syst uncert due to q2 resolution  <<
	----------------------------------------

	q2systAFB[5]  = { 0.0013, 0.0010, 0.0004, 0.0021, 0.0032 };
	q2systFL[5]   = { 0.0013, 0.0006, 0.0007, 0.0020, 0.0042 };




